# JRE version: OpenJDK Runtime Environment Temurin-21.0.8+9 (21.0.8+9) (build 21.0.8+9-LTS)
# Java VM: OpenJDK 64-Bit Server VM Temurin-21.0.8+9 (21.0.8+9-LTS, mixed mode, sharing, tiered, compressed oops, compressed class ptrs, parallel gc, windows-amd64)
GC Precious Log:
 CardTable entry size: 512
 CPUs: 16 total, 16 available
 Memory: 32547M
 Large Page Support: Disabled
 NUMA Support: Disabled
 Compressed Oops: Enabled (32-bit)
 Alignments: Space 512K, Generation 512K, Heap 2M
 Heap Min Capacity: 100M
 Heap Initial Capacity: 100M
 Heap Max Capacity: 2G
 Pre-touch: Disabled
 Parallel Workers: 13
Heap:
 PSYoungGen      total 18432K, used 13658K [0x00000000d5580000, 0x00000000d6a80000, 0x0000000100000000)
  eden space 17408K, 74% used [0x00000000d5580000,0x00000000d6236bf0,0x00000000d6680000)
  from space 1024K, 62% used [0x00000000d6980000,0x00000000d6a20000,0x00000000d6a80000)
  to   space 1536K, 0% used [0x00000000d6780000,0x00000000d6780000,0x00000000d6900000)
 ParOldGen       total 80384K, used 73871K [0x0000000080000000, 0x0000000084e80000, 0x00000000d5580000)
  object space 80384K, 91% used [0x0000000080000000,0x0000000084823e90,0x0000000084e80000)
 Metaspace       used 69693K, committed 71232K, reserved 1114112K
  class space    used 7171K, committed 7872K, reserved 1048576K
GC Heap History (20 events):
Event: 12.992 GC heap before
{Heap before GC invocations=50 (full 3):
 PSYoungGen      total 18944K, used 18930K [0x00000000d5580000, 0x00000000d6f80000, 0x0000000100000000)
  eden space 17408K, 99% used [0x00000000d5580000,0x00000000d667dca8,0x00000000d6680000)
  from space 1536K, 99% used [0x00000000d6a00000,0x00000000d6b7ec08,0x00000000d6b80000)
  to   space 3584K, 0% used [0x00000000d6680000,0x00000000d6680000,0x00000000d6a00000)
 ParOldGen       total 68608K, used 49612K [0x0000000080000000, 0x0000000084300000, 0x00000000d5580000)
  object space 68608K, 72% used [0x0000000080000000,0x0000000083073288,0x0000000084300000)
 Metaspace       used 66423K, committed 68032K, reserved 1114112K
  class space    used 6901K, committed 7616K, reserved 1048576K
}
Event: 12.997 GC heap after
{Heap after GC invocations=50 (full 3):
 PSYoungGen      total 20992K, used 3568K [0x00000000d5580000, 0x00000000d7280000, 0x0000000100000000)
  eden space 17408K, 0% used [0x00000000d5580000,0x00000000d5580000,0x00000000d6680000)
  from space 3584K, 99% used [0x00000000d6680000,0x00000000d69fc030,0x00000000d6a00000)
  to   space 6144K, 0% used [0x00000000d6c80000,0x00000000d6c80000,0x00000000d7280000)
 ParOldGen       total 68608K, used 51359K [0x0000000080000000, 0x0000000084300000, 0x00000000d5580000)
  object space 68608K, 74% used [0x0000000080000000,0x0000000083227c90,0x0000000084300000)
 Metaspace       used 66423K, committed 68032K, reserved 1114112K
  class space    used 6901K, committed 7616K, reserved 1048576K
}
Event: 13.197 GC heap before
{Heap before GC invocations=51 (full 3):
 PSYoungGen      total 20992K, used 20976K [0x00000000d5580000, 0x00000000d7280000, 0x0000000100000000)
  eden space 17408K, 100% used [0x00000000d5580000,0x00000000d6680000,0x00000000d6680000)
  from space 3584K, 99% used [0x00000000d6680000,0x00000000d69fc030,0x00000000d6a00000)
  to   space 6144K, 0% used [0x00000000d6c80000,0x00000000d6c80000,0x00000000d7280000)
 ParOldGen       total 68608K, used 51359K [0x0000000080000000, 0x0000000084300000, 0x00000000d5580000)
  object space 68608K, 74% used [0x0000000080000000,0x0000000083227c90,0x0000000084300000)
 Metaspace       used 66703K, committed 68288K, reserved 1114112K
  class space    used 6910K, committed 7616K, reserved 1048576K
}
Event: 13.202 GC heap after
{Heap after GC invocations=51 (full 3):
 PSYoungGen      total 19968K, used 2267K [0x00000000d5580000, 0x00000000d6f00000, 0x0000000100000000)
  eden space 17408K, 0% used [0x00000000d5580000,0x00000000d5580000,0x00000000d6680000)
  from space 2560K, 88% used [0x00000000d6c80000,0x00000000d6eb6e68,0x00000000d6f00000)
  to   space 3584K, 0% used [0x00000000d6800000,0x00000000d6800000,0x00000000d6b80000)
 ParOldGen       total 68608K, used 54753K [0x0000000080000000, 0x0000000084300000, 0x00000000d5580000)
  object space 68608K, 79% used [0x0000000080000000,0x0000000083578480,0x0000000084300000)
 Metaspace       used 66703K, committed 68288K, reserved 1114112K
  class space    used 6910K, committed 7616K, reserved 1048576K
}
Event: 14.002 GC heap before
{Heap before GC invocations=52 (full 3):
 PSYoungGen      total 19968K, used 19675K [0x00000000d5580000, 0x00000000d6f00000, 0x0000000100000000)
  eden space 17408K, 99% used [0x00000000d5580000,0x00000000d667fff0,0x00000000d6680000)
  from space 2560K, 88% used [0x00000000d6c80000,0x00000000d6eb6e68,0x00000000d6f00000)
  to   space 3584K, 0% used [0x00000000d6800000,0x00000000d6800000,0x00000000d6b80000)
 ParOldGen       total 68608K, used 54753K [0x0000000080000000, 0x0000000084300000, 0x00000000d5580000)
  object space 68608K, 79% used [0x0000000080000000,0x0000000083578480,0x0000000084300000)
 Metaspace       used 67156K, committed 68736K, reserved 1114112K
  class space    used 6943K, committed 7680K, reserved 1048576K
}
Event: 14.004 GC heap after
{Heap after GC invocations=52 (full 3):
 PSYoungGen      total 18432K, used 912K [0x00000000d5580000, 0x00000000d6d00000, 0x0000000100000000)
  eden space 17408K, 0% used [0x00000000d5580000,0x00000000d5580000,0x00000000d6680000)
  from space 1024K, 89% used [0x00000000d6800000,0x00000000d68e4030,0x00000000d6900000)
  to   space 2048K, 0% used [0x00000000d6b00000,0x00000000d6b00000,0x00000000d6d00000)
 ParOldGen       total 68608K, used 55833K [0x0000000080000000, 0x0000000084300000, 0x00000000d5580000)
  object space 68608K, 81% used [0x0000000080000000,0x0000000083686438,0x0000000084300000)
 Metaspace       used 67156K, committed 68736K, reserved 1114112K
  class space    used 6943K, committed 7680K, reserved 1048576K
}
Event: 30.315 GC heap before
{Heap before GC invocations=53 (full 3):
 PSYoungGen      total 18432K, used 18320K [0x00000000d5580000, 0x00000000d6d00000, 0x0000000100000000)
  eden space 17408K, 100% used [0x00000000d5580000,0x00000000d6680000,0x00000000d6680000)
  from space 1024K, 89% used [0x00000000d6800000,0x00000000d68e4030,0x00000000d6900000)
  to   space 2048K, 0% used [0x00000000d6b00000,0x00000000d6b00000,0x00000000d6d00000)
 ParOldGen       total 68608K, used 55833K [0x0000000080000000, 0x0000000084300000, 0x00000000d5580000)
  object space 68608K, 81% used [0x0000000080000000,0x0000000083686438,0x0000000084300000)
 Metaspace       used 67814K, committed 69376K, reserved 1114112K
  class space    used 6979K, committed 7680K, reserved 1048576K
}
Event: 30.316 GC heap after
{Heap after GC invocations=53 (full 3):
 PSYoungGen      total 18432K, used 715K [0x00000000d5580000, 0x00000000d6c00000, 0x0000000100000000)
  eden space 17408K, 0% used [0x00000000d5580000,0x00000000d5580000,0x00000000d6680000)
  from space 1024K, 69% used [0x00000000d6b00000,0x00000000d6bb2ca8,0x00000000d6c00000)
  to   space 1024K, 0% used [0x00000000d6800000,0x00000000d6800000,0x00000000d6900000)
 ParOldGen       total 68608K, used 56073K [0x0000000080000000, 0x0000000084300000, 0x00000000d5580000)
  object space 68608K, 81% used [0x0000000080000000,0x00000000836c2468,0x0000000084300000)
 Metaspace       used 67814K, committed 69376K, reserved 1114112K
  class space    used 6979K, committed 7680K, reserved 1048576K
}
Event: 30.359 GC heap before
{Heap before GC invocations=54 (full 3):
 PSYoungGen      total 18432K, used 18123K [0x00000000d5580000, 0x00000000d6c00000, 0x0000000100000000)
  eden space 17408K, 100% used [0x00000000d5580000,0x00000000d6680000,0x00000000d6680000)
  from space 1024K, 69% used [0x00000000d6b00000,0x00000000d6bb2ca8,0x00000000d6c00000)
  to   space 1024K, 0% used [0x00000000d6800000,0x00000000d6800000,0x00000000d6900000)
 ParOldGen       total 68608K, used 56073K [0x0000000080000000, 0x0000000084300000, 0x00000000d5580000)
  object space 68608K, 81% used [0x0000000080000000,0x00000000836c2468,0x0000000084300000)
 Metaspace       used 68118K, committed 69760K, reserved 1114112K
  class space    used 6999K, committed 7744K, reserved 1048576K
}
Event: 30.360 GC heap after
{Heap after GC invocations=54 (full 3):
 PSYoungGen      total 18432K, used 704K [0x00000000d5580000, 0x00000000d6b80000, 0x0000000100000000)
  eden space 17408K, 0% used [0x00000000d5580000,0x00000000d5580000,0x00000000d6680000)
  from space 1024K, 68% used [0x00000000d6800000,0x00000000d68b0020,0x00000000d6900000)
  to   space 1024K, 0% used [0x00000000d6a80000,0x00000000d6a80000,0x00000000d6b80000)
 ParOldGen       total 68608K, used 56365K [0x0000000080000000, 0x0000000084300000, 0x00000000d5580000)
  object space 68608K, 82% used [0x0000000080000000,0x000000008370b6a0,0x0000000084300000)
 Metaspace       used 68118K, committed 69760K, reserved 1114112K
  class space    used 6999K, committed 7744K, reserved 1048576K
}
Event: 30.398 GC heap before
{Heap before GC invocations=55 (full 3):
 PSYoungGen      total 18432K, used 18112K [0x00000000d5580000, 0x00000000d6b80000, 0x0000000100000000)
  eden space 17408K, 100% used [0x00000000d5580000,0x00000000d6680000,0x00000000d6680000)
  from space 1024K, 68% used [0x00000000d6800000,0x00000000d68b0020,0x00000000d6900000)
  to   space 1024K, 0% used [0x00000000d6a80000,0x00000000d6a80000,0x00000000d6b80000)
 ParOldGen       total 68608K, used 56365K [0x0000000080000000, 0x0000000084300000, 0x00000000d5580000)
  object space 68608K, 82% used [0x0000000080000000,0x000000008370b6a0,0x0000000084300000)
 Metaspace       used 68138K, committed 69760K, reserved 1114112K
  class space    used 7000K, committed 7744K, reserved 1048576K
}
Event: 30.399 GC heap after
{Heap after GC invocations=55 (full 3):
 PSYoungGen      total 18432K, used 1011K [0x00000000d5580000, 0x00000000d6b80000, 0x0000000100000000)
  eden space 17408K, 0% used [0x00000000d5580000,0x00000000d5580000,0x00000000d6680000)
  from space 1024K, 98% used [0x00000000d6a80000,0x00000000d6b7cc90,0x00000000d6b80000)
  to   space 1536K, 0% used [0x00000000d6880000,0x00000000d6880000,0x00000000d6a00000)
 ParOldGen       total 68608K, used 56658K [0x0000000080000000, 0x0000000084300000, 0x00000000d5580000)
  object space 68608K, 82% used [0x0000000080000000,0x0000000083754928,0x0000000084300000)
 Metaspace       used 68138K, committed 69760K, reserved 1114112K
  class space    used 7000K, committed 7744K, reserved 1048576K
}
Event: 30.424 GC heap before
{Heap before GC invocations=56 (full 3):
 PSYoungGen      total 18432K, used 18419K [0x00000000d5580000, 0x00000000d6b80000, 0x0000000100000000)
  eden space 17408K, 100% used [0x00000000d5580000,0x00000000d6680000,0x00000000d6680000)
  from space 1024K, 98% used [0x00000000d6a80000,0x00000000d6b7cc90,0x00000000d6b80000)
  to   space 1536K, 0% used [0x00000000d6880000,0x00000000d6880000,0x00000000d6a00000)
 ParOldGen       total 68608K, used 56658K [0x0000000080000000, 0x0000000084300000, 0x00000000d5580000)
  object space 68608K, 82% used [0x0000000080000000,0x0000000083754928,0x0000000084300000)
 Metaspace       used 68260K, committed 69888K, reserved 1114112K
  class space    used 7007K, committed 7744K, reserved 1048576K
}
Event: 30.426 GC heap after
{Heap after GC invocations=56 (full 3):
 PSYoungGen      total 18944K, used 1037K [0x00000000d5580000, 0x00000000d6b00000, 0x0000000100000000)
  eden space 17408K, 0% used [0x00000000d5580000,0x00000000d5580000,0x00000000d6680000)
  from space 1536K, 67% used [0x00000000d6880000,0x00000000d6983458,0x00000000d6a00000)
  to   space 1024K, 0% used [0x00000000d6a00000,0x00000000d6a00000,0x00000000d6b00000)
 ParOldGen       total 68608K, used 57458K [0x0000000080000000, 0x0000000084300000, 0x00000000d5580000)
  object space 68608K, 83% used [0x0000000080000000,0x000000008381c858,0x0000000084300000)
 Metaspace       used 68260K, committed 69888K, reserved 1114112K
  class space    used 7007K, committed 7744K, reserved 1048576K
}
Event: 30.525 GC heap before
{Heap before GC invocations=57 (full 3):
 PSYoungGen      total 18944K, used 18385K [0x00000000d5580000, 0x00000000d6b00000, 0x0000000100000000)
  eden space 17408K, 99% used [0x00000000d5580000,0x00000000d6671348,0x00000000d6680000)
  from space 1536K, 67% used [0x00000000d6880000,0x00000000d6983458,0x00000000d6a00000)
  to   space 1024K, 0% used [0x00000000d6a00000,0x00000000d6a00000,0x00000000d6b00000)
 ParOldGen       total 68608K, used 57458K [0x0000000080000000, 0x0000000084300000, 0x00000000d5580000)
  object space 68608K, 83% used [0x0000000080000000,0x000000008381c858,0x0000000084300000)
 Metaspace       used 68517K, committed 70144K, reserved 1114112K
  class space    used 7062K, committed 7808K, reserved 1048576K
}
Event: 30.527 GC heap after
{Heap after GC invocations=57 (full 3):
 PSYoungGen      total 18432K, used 1022K [0x00000000d5580000, 0x00000000d6d80000, 0x0000000100000000)
  eden space 17408K, 0% used [0x00000000d5580000,0x00000000d5580000,0x00000000d6680000)
  from space 1024K, 99% used [0x00000000d6a00000,0x00000000d6affbc0,0x00000000d6b00000)
  to   space 3584K, 0% used [0x00000000d6680000,0x00000000d6680000,0x00000000d6a00000)
 ParOldGen       total 68608K, used 59477K [0x0000000080000000, 0x0000000084300000, 0x00000000d5580000)
  object space 68608K, 86% used [0x0000000080000000,0x0000000083a15798,0x0000000084300000)
 Metaspace       used 68517K, committed 70144K, reserved 1114112K
  class space    used 7062K, committed 7808K, reserved 1048576K
}
Event: 30.609 GC heap before
{Heap before GC invocations=58 (full 3):
 PSYoungGen      total 18432K, used 18430K [0x00000000d5580000, 0x00000000d6d80000, 0x0000000100000000)
  eden space 17408K, 100% used [0x00000000d5580000,0x00000000d6680000,0x00000000d6680000)
  from space 1024K, 99% used [0x00000000d6a00000,0x00000000d6affbc0,0x00000000d6b00000)
  to   space 3584K, 0% used [0x00000000d6680000,0x00000000d6680000,0x00000000d6a00000)
 ParOldGen       total 68608K, used 59477K [0x0000000080000000, 0x0000000084300000, 0x00000000d5580000)
  object space 68608K, 86% used [0x0000000080000000,0x0000000083a15798,0x0000000084300000)
 Metaspace       used 68581K, committed 70144K, reserved 1114112K
  class space    used 7070K, committed 7808K, reserved 1048576K
}
Event: 30.612 GC heap after
{Heap after GC invocations=58 (full 3):
 PSYoungGen      total 20480K, used 2577K [0x00000000d5580000, 0x00000000d6c80000, 0x0000000100000000)
  eden space 17408K, 0% used [0x00000000d5580000,0x00000000d5580000,0x00000000d6680000)
  from space 3072K, 83% used [0x00000000d6680000,0x00000000d6904758,0x00000000d6980000)
  to   space 3072K, 0% used [0x00000000d6980000,0x00000000d6980000,0x00000000d6c80000)
 ParOldGen       total 68608K, used 60514K [0x0000000080000000, 0x0000000084300000, 0x00000000d5580000)
  object space 68608K, 88% used [0x0000000080000000,0x0000000083b188c8,0x0000000084300000)
 Metaspace       used 68581K, committed 70144K, reserved 1114112K
  class space    used 7070K, committed 7808K, reserved 1048576K
}
Event: 30.664 GC heap before
{Heap before GC invocations=59 (full 3):
 PSYoungGen      total 20480K, used 18765K [0x00000000d5580000, 0x00000000d6c80000, 0x0000000100000000)
  eden space 17408K, 92% used [0x00000000d5580000,0x00000000d654ef68,0x00000000d6680000)
  from space 3072K, 83% used [0x00000000d6680000,0x00000000d6904758,0x00000000d6980000)
  to   space 3072K, 0% used [0x00000000d6980000,0x00000000d6980000,0x00000000d6c80000)
 ParOldGen       total 68608K, used 60514K [0x0000000080000000, 0x0000000084300000, 0x00000000d5580000)
  object space 68608K, 88% used [0x0000000080000000,0x0000000083b188c8,0x0000000084300000)
 Metaspace       used 69210K, committed 70720K, reserved 1114112K
  class space    used 7120K, committed 7808K, reserved 1048576K
}
Event: 30.666 GC heap after
{Heap after GC invocations=59 (full 3):
 PSYoungGen      total 18432K, used 640K [0x00000000d5580000, 0x00000000d6a80000, 0x0000000100000000)
  eden space 17408K, 0% used [0x00000000d5580000,0x00000000d5580000,0x00000000d6680000)
  from space 1024K, 62% used [0x00000000d6980000,0x00000000d6a20000,0x00000000d6a80000)
  to   space 1536K, 0% used [0x00000000d6780000,0x00000000d6780000,0x00000000d6900000)
 ParOldGen       total 68608K, used 62351K [0x0000000080000000, 0x0000000084300000, 0x00000000d5580000)
  object space 68608K, 90% used [0x0000000080000000,0x0000000083ce3e80,0x0000000084300000)
 Metaspace       used 69210K, committed 70720K, reserved 1114112K
  class space    used 7120K, committed 7808K, reserved 1048576K
}

