# JRE version: OpenJDK Runtime Environment Temurin-21.0.8+9 (21.0.8+9) (build 21.0.8+9-LTS)
# Java VM: OpenJDK 64-Bit Server VM Temurin-21.0.8+9 (21.0.8+9-LTS, mixed mode, sharing, tiered, compressed oops, compressed class ptrs, parallel gc, windows-amd64)
GC Precious Log:
 CardTable entry size: 512
 CPUs: 16 total, 16 available
 Memory: 32547M
 Large Page Support: Disabled
 NUMA Support: Disabled
 Compressed Oops: Enabled (32-bit)
 Alignments: Space 512K, Generation 512K, Heap 2M
 Heap Min Capacity: 100M
 Heap Initial Capacity: 100M
 Heap Max Capacity: 2G
 Pre-touch: Disabled
 Parallel Workers: 13
Heap:
 PSYoungGen      total 12800K, used 12704K [0x00000000d5580000, 0x00000000d6580000, 0x0000000100000000)
  eden space 11264K, 100% used [0x00000000d5580000,0x00000000d6080000,0x00000000d6080000)
  from space 1536K, 93% used [0x00000000d6400000,0x00000000d65683b8,0x00000000d6580000)
  to   space 1536K, 0% used [0x00000000d6200000,0x00000000d6200000,0x00000000d6380000)
 ParOldGen       total 96256K, used 95418K [0x0000000080000000, 0x0000000085e00000, 0x00000000d5580000)
  object space 96256K, 99% used [0x0000000080000000,0x0000000085d2eb40,0x0000000085e00000)
 Metaspace       used 69787K, committed 71424K, reserved 1114112K
  class space    used 7153K, committed 7872K, reserved 1048576K
GC Heap History (20 events):
Event: 17.350 GC heap before
{Heap before GC invocations=64 (full 3):
 PSYoungGen      total 12288K, used 11952K [0x00000000d5580000, 0x00000000d6400000, 0x0000000100000000)
  eden space 11264K, 100% used [0x00000000d5580000,0x00000000d6080000,0x00000000d6080000)
  from space 1024K, 67% used [0x00000000d6300000,0x00000000d63ac350,0x00000000d6400000)
  to   space 1024K, 0% used [0x00000000d6200000,0x00000000d6200000,0x00000000d6300000)
 ParOldGen       total 79360K, used 78960K [0x0000000080000000, 0x0000000084d80000, 0x00000000d5580000)
  object space 79360K, 99% used [0x0000000080000000,0x0000000084d1c218,0x0000000084d80000)
 Metaspace       used 67311K, committed 68928K, reserved 1114112K
  class space    used 6964K, committed 7680K, reserved 1048576K
}
Event: 17.352 GC heap after
{Heap after GC invocations=64 (full 3):
 PSYoungGen      total 12288K, used 782K [0x00000000d5580000, 0x00000000d6380000, 0x0000000100000000)
  eden space 11264K, 0% used [0x00000000d5580000,0x00000000d5580000,0x00000000d6080000)
  from space 1024K, 76% used [0x00000000d6200000,0x00000000d62c3800,0x00000000d6300000)
  to   space 512K, 0% used [0x00000000d6300000,0x00000000d6300000,0x00000000d6380000)
 ParOldGen       total 79360K, used 79293K [0x0000000080000000, 0x0000000084d80000, 0x00000000d5580000)
  object space 79360K, 99% used [0x0000000080000000,0x0000000084d6f628,0x0000000084d80000)
 Metaspace       used 67311K, committed 68928K, reserved 1114112K
  class space    used 6964K, committed 7680K, reserved 1048576K
}
Event: 17.466 GC heap before
{Heap before GC invocations=65 (full 3):
 PSYoungGen      total 12288K, used 12046K [0x00000000d5580000, 0x00000000d6380000, 0x0000000100000000)
  eden space 11264K, 100% used [0x00000000d5580000,0x00000000d6080000,0x00000000d6080000)
  from space 1024K, 76% used [0x00000000d6200000,0x00000000d62c3800,0x00000000d6300000)
  to   space 512K, 0% used [0x00000000d6300000,0x00000000d6300000,0x00000000d6380000)
 ParOldGen       total 79360K, used 79293K [0x0000000080000000, 0x0000000084d80000, 0x00000000d5580000)
  object space 79360K, 99% used [0x0000000080000000,0x0000000084d6f628,0x0000000084d80000)
 Metaspace       used 67403K, committed 68992K, reserved 1114112K
  class space    used 6965K, committed 7680K, reserved 1048576K
}
Event: 17.468 GC heap after
{Heap after GC invocations=65 (full 3):
 PSYoungGen      total 11776K, used 512K [0x00000000d5580000, 0x00000000d6580000, 0x0000000100000000)
  eden space 11264K, 0% used [0x00000000d5580000,0x00000000d5580000,0x00000000d6080000)
  from space 512K, 100% used [0x00000000d6300000,0x00000000d6380000,0x00000000d6380000)
  to   space 2560K, 0% used [0x00000000d6080000,0x00000000d6080000,0x00000000d6300000)
 ParOldGen       total 80896K, used 80720K [0x0000000080000000, 0x0000000084f00000, 0x00000000d5580000)
  object space 80896K, 99% used [0x0000000080000000,0x0000000084ed4098,0x0000000084f00000)
 Metaspace       used 67403K, committed 68992K, reserved 1114112K
  class space    used 6965K, committed 7680K, reserved 1048576K
}
Event: 34.755 GC heap before
{Heap before GC invocations=66 (full 3):
 PSYoungGen      total 11776K, used 11775K [0x00000000d5580000, 0x00000000d6580000, 0x0000000100000000)
  eden space 11264K, 99% used [0x00000000d5580000,0x00000000d607ffe0,0x00000000d6080000)
  from space 512K, 100% used [0x00000000d6300000,0x00000000d6380000,0x00000000d6380000)
  to   space 2560K, 0% used [0x00000000d6080000,0x00000000d6080000,0x00000000d6300000)
 ParOldGen       total 80896K, used 80720K [0x0000000080000000, 0x0000000084f00000, 0x00000000d5580000)
  object space 80896K, 99% used [0x0000000080000000,0x0000000084ed4098,0x0000000084f00000)
 Metaspace       used 67584K, committed 69184K, reserved 1114112K
  class space    used 6975K, committed 7680K, reserved 1048576K
}
Event: 34.757 GC heap after
{Heap after GC invocations=66 (full 3):
 PSYoungGen      total 12288K, used 795K [0x00000000d5580000, 0x00000000d6380000, 0x0000000100000000)
  eden space 11264K, 0% used [0x00000000d5580000,0x00000000d5580000,0x00000000d6080000)
  from space 1024K, 77% used [0x00000000d6080000,0x00000000d6146d90,0x00000000d6180000)
  to   space 1536K, 0% used [0x00000000d6200000,0x00000000d6200000,0x00000000d6380000)
 ParOldGen       total 81408K, used 81249K [0x0000000080000000, 0x0000000084f80000, 0x00000000d5580000)
  object space 81408K, 99% used [0x0000000080000000,0x0000000084f587f8,0x0000000084f80000)
 Metaspace       used 67584K, committed 69184K, reserved 1114112K
  class space    used 6975K, committed 7680K, reserved 1048576K
}
Event: 34.851 GC heap before
{Heap before GC invocations=67 (full 3):
 PSYoungGen      total 12288K, used 12059K [0x00000000d5580000, 0x00000000d6380000, 0x0000000100000000)
  eden space 11264K, 100% used [0x00000000d5580000,0x00000000d6080000,0x00000000d6080000)
  from space 1024K, 77% used [0x00000000d6080000,0x00000000d6146d90,0x00000000d6180000)
  to   space 1536K, 0% used [0x00000000d6200000,0x00000000d6200000,0x00000000d6380000)
 ParOldGen       total 81408K, used 81249K [0x0000000080000000, 0x0000000084f80000, 0x00000000d5580000)
  object space 81408K, 99% used [0x0000000080000000,0x0000000084f587f8,0x0000000084f80000)
 Metaspace       used 68193K, committed 69824K, reserved 1114112K
  class space    used 7011K, committed 7744K, reserved 1048576K
}
Event: 34.853 GC heap after
{Heap after GC invocations=67 (full 3):
 PSYoungGen      total 12288K, used 934K [0x00000000d5580000, 0x00000000d6300000, 0x0000000100000000)
  eden space 11264K, 0% used [0x00000000d5580000,0x00000000d5580000,0x00000000d6080000)
  from space 1024K, 91% used [0x00000000d6200000,0x00000000d62e98e8,0x00000000d6300000)
  to   space 1024K, 0% used [0x00000000d6080000,0x00000000d6080000,0x00000000d6180000)
 ParOldGen       total 82432K, used 81961K [0x0000000080000000, 0x0000000085080000, 0x00000000d5580000)
  object space 82432K, 99% used [0x0000000080000000,0x000000008500a478,0x0000000085080000)
 Metaspace       used 68193K, committed 69824K, reserved 1114112K
  class space    used 7011K, committed 7744K, reserved 1048576K
}
Event: 34.871 GC heap before
{Heap before GC invocations=68 (full 3):
 PSYoungGen      total 12288K, used 12198K [0x00000000d5580000, 0x00000000d6300000, 0x0000000100000000)
  eden space 11264K, 100% used [0x00000000d5580000,0x00000000d6080000,0x00000000d6080000)
  from space 1024K, 91% used [0x00000000d6200000,0x00000000d62e98e8,0x00000000d6300000)
  to   space 1024K, 0% used [0x00000000d6080000,0x00000000d6080000,0x00000000d6180000)
 ParOldGen       total 82432K, used 81961K [0x0000000080000000, 0x0000000085080000, 0x00000000d5580000)
  object space 82432K, 99% used [0x0000000080000000,0x000000008500a478,0x0000000085080000)
 Metaspace       used 68193K, committed 69824K, reserved 1114112K
  class space    used 7011K, committed 7744K, reserved 1048576K
}
Event: 34.872 GC heap after
{Heap after GC invocations=68 (full 3):
 PSYoungGen      total 12288K, used 861K [0x00000000d5580000, 0x00000000d6280000, 0x0000000100000000)
  eden space 11264K, 0% used [0x00000000d5580000,0x00000000d5580000,0x00000000d6080000)
  from space 1024K, 84% used [0x00000000d6080000,0x00000000d61577c8,0x00000000d6180000)
  to   space 1024K, 0% used [0x00000000d6180000,0x00000000d6180000,0x00000000d6280000)
 ParOldGen       total 82944K, used 82670K [0x0000000080000000, 0x0000000085100000, 0x00000000d5580000)
  object space 82944K, 99% used [0x0000000080000000,0x00000000850bb868,0x0000000085100000)
 Metaspace       used 68193K, committed 69824K, reserved 1114112K
  class space    used 7011K, committed 7744K, reserved 1048576K
}
Event: 34.893 GC heap before
{Heap before GC invocations=69 (full 3):
 PSYoungGen      total 12288K, used 12125K [0x00000000d5580000, 0x00000000d6280000, 0x0000000100000000)
  eden space 11264K, 100% used [0x00000000d5580000,0x00000000d6080000,0x00000000d6080000)
  from space 1024K, 84% used [0x00000000d6080000,0x00000000d61577c8,0x00000000d6180000)
  to   space 1024K, 0% used [0x00000000d6180000,0x00000000d6180000,0x00000000d6280000)
 ParOldGen       total 82944K, used 82670K [0x0000000080000000, 0x0000000085100000, 0x00000000d5580000)
  object space 82944K, 99% used [0x0000000080000000,0x00000000850bb868,0x0000000085100000)
 Metaspace       used 68198K, committed 69824K, reserved 1114112K
  class space    used 7011K, committed 7744K, reserved 1048576K
}
Event: 34.894 GC heap after
{Heap after GC invocations=69 (full 3):
 PSYoungGen      total 12288K, used 736K [0x00000000d5580000, 0x00000000d6280000, 0x0000000100000000)
  eden space 11264K, 0% used [0x00000000d5580000,0x00000000d5580000,0x00000000d6080000)
  from space 1024K, 71% used [0x00000000d6180000,0x00000000d6238020,0x00000000d6280000)
  to   space 1024K, 0% used [0x00000000d6080000,0x00000000d6080000,0x00000000d6180000)
 ParOldGen       total 83456K, used 83246K [0x0000000080000000, 0x0000000085180000, 0x00000000d5580000)
  object space 83456K, 99% used [0x0000000080000000,0x000000008514bbe0,0x0000000085180000)
 Metaspace       used 68198K, committed 69824K, reserved 1114112K
  class space    used 7011K, committed 7744K, reserved 1048576K
}
Event: 34.971 GC heap before
{Heap before GC invocations=70 (full 3):
 PSYoungGen      total 12288K, used 12000K [0x00000000d5580000, 0x00000000d6280000, 0x0000000100000000)
  eden space 11264K, 100% used [0x00000000d5580000,0x00000000d6080000,0x00000000d6080000)
  from space 1024K, 71% used [0x00000000d6180000,0x00000000d6238020,0x00000000d6280000)
  to   space 1024K, 0% used [0x00000000d6080000,0x00000000d6080000,0x00000000d6180000)
 ParOldGen       total 83456K, used 83246K [0x0000000080000000, 0x0000000085180000, 0x00000000d5580000)
  object space 83456K, 99% used [0x0000000080000000,0x000000008514bbe0,0x0000000085180000)
 Metaspace       used 68274K, committed 69888K, reserved 1114112K
  class space    used 7020K, committed 7744K, reserved 1048576K
}
Event: 34.974 GC heap after
{Heap after GC invocations=70 (full 3):
 PSYoungGen      total 12288K, used 1005K [0x00000000d5580000, 0x00000000d6a80000, 0x0000000100000000)
  eden space 11264K, 0% used [0x00000000d5580000,0x00000000d5580000,0x00000000d6080000)
  from space 1024K, 98% used [0x00000000d6080000,0x00000000d617b788,0x00000000d6180000)
  to   space 5120K, 0% used [0x00000000d6580000,0x00000000d6580000,0x00000000d6a80000)
 ParOldGen       total 86528K, used 86339K [0x0000000080000000, 0x0000000085480000, 0x00000000d5580000)
  object space 86528K, 99% used [0x0000000080000000,0x0000000085450f40,0x0000000085480000)
 Metaspace       used 68274K, committed 69888K, reserved 1114112K
  class space    used 7020K, committed 7744K, reserved 1048576K
}
Event: 35.009 GC heap before
{Heap before GC invocations=71 (full 3):
 PSYoungGen      total 12288K, used 12269K [0x00000000d5580000, 0x00000000d6a80000, 0x0000000100000000)
  eden space 11264K, 100% used [0x00000000d5580000,0x00000000d6080000,0x00000000d6080000)
  from space 1024K, 98% used [0x00000000d6080000,0x00000000d617b788,0x00000000d6180000)
  to   space 5120K, 0% used [0x00000000d6580000,0x00000000d6580000,0x00000000d6a80000)
 ParOldGen       total 86528K, used 86339K [0x0000000080000000, 0x0000000085480000, 0x00000000d5580000)
  object space 86528K, 99% used [0x0000000080000000,0x0000000085450f40,0x0000000085480000)
 Metaspace       used 68346K, committed 69952K, reserved 1114112K
  class space    used 7026K, committed 7744K, reserved 1048576K
}
Event: 35.012 GC heap after
{Heap after GC invocations=71 (full 3):
 PSYoungGen      total 12800K, used 1364K [0x00000000d5580000, 0x00000000d6700000, 0x0000000100000000)
  eden space 11264K, 0% used [0x00000000d5580000,0x00000000d5580000,0x00000000d6080000)
  from space 1536K, 88% used [0x00000000d6580000,0x00000000d66d5228,0x00000000d6700000)
  to   space 2560K, 0% used [0x00000000d6200000,0x00000000d6200000,0x00000000d6480000)
 ParOldGen       total 88064K, used 87578K [0x0000000080000000, 0x0000000085600000, 0x00000000d5580000)
  object space 88064K, 99% used [0x0000000080000000,0x0000000085586b30,0x0000000085600000)
 Metaspace       used 68346K, committed 69952K, reserved 1114112K
  class space    used 7026K, committed 7744K, reserved 1048576K
}
Event: 35.055 GC heap before
{Heap before GC invocations=72 (full 3):
 PSYoungGen      total 12800K, used 12628K [0x00000000d5580000, 0x00000000d6700000, 0x0000000100000000)
  eden space 11264K, 100% used [0x00000000d5580000,0x00000000d6080000,0x00000000d6080000)
  from space 1536K, 88% used [0x00000000d6580000,0x00000000d66d5228,0x00000000d6700000)
  to   space 2560K, 0% used [0x00000000d6200000,0x00000000d6200000,0x00000000d6480000)
 ParOldGen       total 88064K, used 87578K [0x0000000080000000, 0x0000000085600000, 0x00000000d5580000)
  object space 88064K, 99% used [0x0000000080000000,0x0000000085586b30,0x0000000085600000)
 Metaspace       used 68355K, committed 69952K, reserved 1114112K
  class space    used 7026K, committed 7744K, reserved 1048576K
}
Event: 35.056 GC heap after
{Heap after GC invocations=72 (full 3):
 PSYoungGen      total 12800K, used 1483K [0x00000000d5580000, 0x00000000d6600000, 0x0000000100000000)
  eden space 11264K, 0% used [0x00000000d5580000,0x00000000d5580000,0x00000000d6080000)
  from space 1536K, 96% used [0x00000000d6200000,0x00000000d6372db0,0x00000000d6380000)
  to   space 2048K, 0% used [0x00000000d6400000,0x00000000d6400000,0x00000000d6600000)
 ParOldGen       total 88064K, used 87642K [0x0000000080000000, 0x0000000085600000, 0x00000000d5580000)
  object space 88064K, 99% used [0x0000000080000000,0x0000000085596b30,0x0000000085600000)
 Metaspace       used 68355K, committed 69952K, reserved 1114112K
  class space    used 7026K, committed 7744K, reserved 1048576K
}
Event: 35.086 GC heap before
{Heap before GC invocations=73 (full 3):
 PSYoungGen      total 12800K, used 12663K [0x00000000d5580000, 0x00000000d6600000, 0x0000000100000000)
  eden space 11264K, 99% used [0x00000000d5580000,0x00000000d606b238,0x00000000d6080000)
  from space 1536K, 96% used [0x00000000d6200000,0x00000000d6372db0,0x00000000d6380000)
  to   space 2048K, 0% used [0x00000000d6400000,0x00000000d6400000,0x00000000d6600000)
 ParOldGen       total 88064K, used 87642K [0x0000000080000000, 0x0000000085600000, 0x00000000d5580000)
  object space 88064K, 99% used [0x0000000080000000,0x0000000085596b30,0x0000000085600000)
 Metaspace       used 68368K, committed 70016K, reserved 1114112K
  class space    used 7026K, committed 7744K, reserved 1048576K
}
Event: 35.088 GC heap after
{Heap after GC invocations=73 (full 3):
 PSYoungGen      total 12800K, used 1440K [0x00000000d5580000, 0x00000000d6580000, 0x0000000100000000)
  eden space 11264K, 0% used [0x00000000d5580000,0x00000000d5580000,0x00000000d6080000)
  from space 1536K, 93% used [0x00000000d6400000,0x00000000d65683b8,0x00000000d6580000)
  to   space 1536K, 0% used [0x00000000d6200000,0x00000000d6200000,0x00000000d6380000)
 ParOldGen       total 88064K, used 87738K [0x0000000080000000, 0x0000000085600000, 0x00000000d5580000)
  object space 88064K, 99% used [0x0000000080000000,0x00000000855aeb30,0x0000000085600000)
 Metaspace       used 68368K, committed 70016K, reserved 1114112K
  class space    used 7026K, committed 7744K, reserved 1048576K
}

