# JRE version: OpenJDK Runtime Environment Temurin-21.0.8+9 (21.0.8+9) (build 21.0.8+9-LTS)
# Java VM: OpenJDK 64-Bit Server VM Temurin-21.0.8+9 (21.0.8+9-LTS, mixed mode, sharing, tiered, compressed oops, compressed class ptrs, parallel gc, windows-amd64)
GC Precious Log:
 CardTable entry size: 512
 CPUs: 16 total, 16 available
 Memory: 32547M
 Large Page Support: Disabled
 NUMA Support: Disabled
 Compressed Oops: Enabled (32-bit)
 Alignments: Space 512K, Generation 512K, Heap 2M
 Heap Min Capacity: 100M
 Heap Initial Capacity: 100M
 Heap Max Capacity: 2G
 Pre-touch: Disabled
 Parallel Workers: 13
Heap:
 PSYoungGen      total 4096K, used 4083K [0x00000000d5580000, 0x00000000d5f80000, 0x0000000100000000)
  eden space 2560K, 100% used [0x00000000d5580000,0x00000000d5800000,0x00000000d5800000)
  from space 1536K, 99% used [0x00000000d5800000,0x00000000d597ce40,0x00000000d5980000)
  to   space 3584K, 30% used [0x00000000d5c00000,0x00000000d5d12460,0x00000000d5f80000)
 ParOldGen       total 126976K, used 126972K [0x0000000080000000, 0x0000000087c00000, 0x00000000d5580000)
  object space 126976K, 99% used [0x0000000080000000,0x0000000087bff1b0,0x0000000087c00000)
 Metaspace       used 67952K, committed 70208K, reserved 1114112K
  class space    used 6937K, committed 7808K, reserved 1048576K
GC Heap History (20 events):
Event: 2700.356 GC heap after
{Heap after GC invocations=69 (full 4):
 PSYoungGen      total 7680K, used 3008K [0x00000000d5580000, 0x00000000d6000000, 0x0000000100000000)
  eden space 4608K, 0% used [0x00000000d5580000,0x00000000d5580000,0x00000000d5a00000)
  from space 3072K, 97% used [0x00000000d5a00000,0x00000000d5cf0000,0x00000000d5d00000)
  to   space 3072K, 0% used [0x00000000d5d00000,0x00000000d5d00000,0x00000000d6000000)
 ParOldGen       total 105984K, used 105909K [0x0000000080000000, 0x0000000086780000, 0x00000000d5580000)
  object space 105984K, 99% used [0x0000000080000000,0x000000008676d7b8,0x0000000086780000)
 Metaspace       used 67891K, committed 70208K, reserved 1114112K
  class space    used 6937K, committed 7808K, reserved 1048576K
}
Event: 2700.379 GC heap before
{Heap before GC invocations=70 (full 4):
 PSYoungGen      total 7680K, used 7616K [0x00000000d5580000, 0x00000000d6000000, 0x0000000100000000)
  eden space 4608K, 100% used [0x00000000d5580000,0x00000000d5a00000,0x00000000d5a00000)
  from space 3072K, 97% used [0x00000000d5a00000,0x00000000d5cf0000,0x00000000d5d00000)
  to   space 3072K, 0% used [0x00000000d5d00000,0x00000000d5d00000,0x00000000d6000000)
 ParOldGen       total 105984K, used 105909K [0x0000000080000000, 0x0000000086780000, 0x00000000d5580000)
  object space 105984K, 99% used [0x0000000080000000,0x000000008676d7b8,0x0000000086780000)
 Metaspace       used 67908K, committed 70208K, reserved 1114112K
  class space    used 6937K, committed 7808K, reserved 1048576K
}
Event: 2700.383 GC heap after
{Heap after GC invocations=70 (full 4):
 PSYoungGen      total 3584K, used 3042K [0x00000000d5580000, 0x00000000d6800000, 0x0000000100000000)
  eden space 512K, 0% used [0x00000000d5580000,0x00000000d5580000,0x00000000d5600000)
  from space 3072K, 99% used [0x00000000d5d00000,0x00000000d5ff8a80,0x00000000d6000000)
  to   space 7168K, 0% used [0x00000000d5600000,0x00000000d5600000,0x00000000d5d00000)
 ParOldGen       total 109056K, used 109036K [0x0000000080000000, 0x0000000086a80000, 0x00000000d5580000)
  object space 109056K, 99% used [0x0000000080000000,0x0000000086a7b330,0x0000000086a80000)
 Metaspace       used 67908K, committed 70208K, reserved 1114112K
  class space    used 6937K, committed 7808K, reserved 1048576K
}
Event: 2700.385 GC heap before
{Heap before GC invocations=71 (full 4):
 PSYoungGen      total 3584K, used 3550K [0x00000000d5580000, 0x00000000d6800000, 0x0000000100000000)
  eden space 512K, 99% used [0x00000000d5580000,0x00000000d55ff040,0x00000000d5600000)
  from space 3072K, 99% used [0x00000000d5d00000,0x00000000d5ff8a80,0x00000000d6000000)
  to   space 7168K, 0% used [0x00000000d5600000,0x00000000d5600000,0x00000000d5d00000)
 ParOldGen       total 109056K, used 109036K [0x0000000080000000, 0x0000000086a80000, 0x00000000d5580000)
  object space 109056K, 99% used [0x0000000080000000,0x0000000086a7b330,0x0000000086a80000)
 Metaspace       used 67908K, committed 70208K, reserved 1114112K
  class space    used 6937K, committed 7808K, reserved 1048576K
}
Event: 2700.388 GC heap after
{Heap after GC invocations=71 (full 4):
 PSYoungGen      total 1024K, used 503K [0x00000000d5580000, 0x00000000d5d80000, 0x0000000100000000)
  eden space 512K, 0% used [0x00000000d5580000,0x00000000d5580000,0x00000000d5600000)
  from space 512K, 98% used [0x00000000d5600000,0x00000000d567dc10,0x00000000d5680000)
  to   space 3072K, 0% used [0x00000000d5a80000,0x00000000d5a80000,0x00000000d5d80000)
 ParOldGen       total 111616K, used 111198K [0x0000000080000000, 0x0000000086d00000, 0x00000000d5580000)
  object space 111616K, 99% used [0x0000000080000000,0x0000000086c97ab0,0x0000000086d00000)
 Metaspace       used 67908K, committed 70208K, reserved 1114112K
  class space    used 6937K, committed 7808K, reserved 1048576K
}
Event: 2700.388 GC heap before
{Heap before GC invocations=72 (full 4):
 PSYoungGen      total 1024K, used 1015K [0x00000000d5580000, 0x00000000d5d80000, 0x0000000100000000)
  eden space 512K, 100% used [0x00000000d5580000,0x00000000d5600000,0x00000000d5600000)
  from space 512K, 98% used [0x00000000d5600000,0x00000000d567dc10,0x00000000d5680000)
  to   space 3072K, 0% used [0x00000000d5a80000,0x00000000d5a80000,0x00000000d5d80000)
 ParOldGen       total 111616K, used 111198K [0x0000000080000000, 0x0000000086d00000, 0x00000000d5580000)
  object space 111616K, 99% used [0x0000000080000000,0x0000000086c97ab0,0x0000000086d00000)
 Metaspace       used 67908K, committed 70208K, reserved 1114112K
  class space    used 6937K, committed 7808K, reserved 1048576K
}
Event: 2700.389 GC heap after
{Heap after GC invocations=72 (full 4):
 PSYoungGen      total 2048K, used 666K [0x00000000d5580000, 0x00000000d5b80000, 0x0000000100000000)
  eden space 1024K, 0% used [0x00000000d5580000,0x00000000d5580000,0x00000000d5680000)
  from space 1024K, 65% used [0x00000000d5a80000,0x00000000d5b26a18,0x00000000d5b80000)
  to   space 1024K, 0% used [0x00000000d5980000,0x00000000d5980000,0x00000000d5a80000)
 ParOldGen       total 112128K, used 111780K [0x0000000080000000, 0x0000000086d80000, 0x00000000d5580000)
  object space 112128K, 99% used [0x0000000080000000,0x0000000086d292d0,0x0000000086d80000)
 Metaspace       used 67908K, committed 70208K, reserved 1114112K
  class space    used 6937K, committed 7808K, reserved 1048576K
}
Event: 2700.392 GC heap before
{Heap before GC invocations=73 (full 4):
 PSYoungGen      total 2048K, used 1690K [0x00000000d5580000, 0x00000000d5b80000, 0x0000000100000000)
  eden space 1024K, 100% used [0x00000000d5580000,0x00000000d5680000,0x00000000d5680000)
  from space 1024K, 65% used [0x00000000d5a80000,0x00000000d5b26a18,0x00000000d5b80000)
  to   space 1024K, 0% used [0x00000000d5980000,0x00000000d5980000,0x00000000d5a80000)
 ParOldGen       total 112128K, used 111780K [0x0000000080000000, 0x0000000086d80000, 0x00000000d5580000)
  object space 112128K, 99% used [0x0000000080000000,0x0000000086d292d0,0x0000000086d80000)
 Metaspace       used 67910K, committed 70208K, reserved 1114112K
  class space    used 6937K, committed 7808K, reserved 1048576K
}
Event: 2700.393 GC heap after
{Heap after GC invocations=73 (full 4):
 PSYoungGen      total 2560K, used 905K [0x00000000d5580000, 0x00000000d5b00000, 0x0000000100000000)
  eden space 1536K, 0% used [0x00000000d5580000,0x00000000d5580000,0x00000000d5700000)
  from space 1024K, 88% used [0x00000000d5980000,0x00000000d5a62440,0x00000000d5a80000)
  to   space 512K, 0% used [0x00000000d5a80000,0x00000000d5a80000,0x00000000d5b00000)
 ParOldGen       total 112640K, used 112176K [0x0000000080000000, 0x0000000086e00000, 0x00000000d5580000)
  object space 112640K, 99% used [0x0000000080000000,0x0000000086d8c2c0,0x0000000086e00000)
 Metaspace       used 67910K, committed 70208K, reserved 1114112K
  class space    used 6937K, committed 7808K, reserved 1048576K
}
Event: 2700.397 GC heap before
{Heap before GC invocations=74 (full 4):
 PSYoungGen      total 2560K, used 2441K [0x00000000d5580000, 0x00000000d5b00000, 0x0000000100000000)
  eden space 1536K, 100% used [0x00000000d5580000,0x00000000d5700000,0x00000000d5700000)
  from space 1024K, 88% used [0x00000000d5980000,0x00000000d5a62440,0x00000000d5a80000)
  to   space 512K, 0% used [0x00000000d5a80000,0x00000000d5a80000,0x00000000d5b00000)
 ParOldGen       total 112640K, used 112176K [0x0000000080000000, 0x0000000086e00000, 0x00000000d5580000)
  object space 112640K, 99% used [0x0000000080000000,0x0000000086d8c2c0,0x0000000086e00000)
 Metaspace       used 67914K, committed 70208K, reserved 1114112K
  class space    used 6937K, committed 7808K, reserved 1048576K
}
Event: 2700.398 GC heap after
{Heap after GC invocations=74 (full 4):
 PSYoungGen      total 2560K, used 490K [0x00000000d5580000, 0x00000000d5b80000, 0x0000000100000000)
  eden space 2048K, 0% used [0x00000000d5580000,0x00000000d5580000,0x00000000d5780000)
  from space 512K, 95% used [0x00000000d5a80000,0x00000000d5afa9f8,0x00000000d5b00000)
  to   space 2048K, 0% used [0x00000000d5780000,0x00000000d5780000,0x00000000d5980000)
 ParOldGen       total 113664K, used 113452K [0x0000000080000000, 0x0000000086f00000, 0x00000000d5580000)
  object space 113664K, 99% used [0x0000000080000000,0x0000000086ecb2b8,0x0000000086f00000)
 Metaspace       used 67914K, committed 70208K, reserved 1114112K
  class space    used 6937K, committed 7808K, reserved 1048576K
}
Event: 2700.403 GC heap before
{Heap before GC invocations=75 (full 4):
 PSYoungGen      total 2560K, used 2427K [0x00000000d5580000, 0x00000000d5b80000, 0x0000000100000000)
  eden space 2048K, 94% used [0x00000000d5580000,0x00000000d5764210,0x00000000d5780000)
  from space 512K, 95% used [0x00000000d5a80000,0x00000000d5afa9f8,0x00000000d5b00000)
  to   space 2048K, 0% used [0x00000000d5780000,0x00000000d5780000,0x00000000d5980000)
 ParOldGen       total 113664K, used 113452K [0x0000000080000000, 0x0000000086f00000, 0x00000000d5580000)
  object space 113664K, 99% used [0x0000000080000000,0x0000000086ecb2b8,0x0000000086f00000)
 Metaspace       used 67920K, committed 70208K, reserved 1114112K
  class space    used 6937K, committed 7808K, reserved 1048576K
}
Event: 2700.404 GC heap after
{Heap after GC invocations=75 (full 4):
 PSYoungGen      total 4096K, used 1449K [0x00000000d5580000, 0x00000000d5c00000, 0x0000000100000000)
  eden space 2048K, 0% used [0x00000000d5580000,0x00000000d5580000,0x00000000d5780000)
  from space 2048K, 70% used [0x00000000d5780000,0x00000000d58ea678,0x00000000d5980000)
  to   space 2048K, 0% used [0x00000000d5a00000,0x00000000d5a00000,0x00000000d5c00000)
 ParOldGen       total 114176K, used 113954K [0x0000000080000000, 0x0000000086f80000, 0x00000000d5580000)
  object space 114176K, 99% used [0x0000000080000000,0x0000000086f488f0,0x0000000086f80000)
 Metaspace       used 67920K, committed 70208K, reserved 1114112K
  class space    used 6937K, committed 7808K, reserved 1048576K
}
Event: 2700.408 GC heap before
{Heap before GC invocations=76 (full 4):
 PSYoungGen      total 4096K, used 3470K [0x00000000d5580000, 0x00000000d5c00000, 0x0000000100000000)
  eden space 2048K, 98% used [0x00000000d5580000,0x00000000d57793c0,0x00000000d5780000)
  from space 2048K, 70% used [0x00000000d5780000,0x00000000d58ea678,0x00000000d5980000)
  to   space 2048K, 0% used [0x00000000d5a00000,0x00000000d5a00000,0x00000000d5c00000)
 ParOldGen       total 114176K, used 113954K [0x0000000080000000, 0x0000000086f80000, 0x00000000d5580000)
  object space 114176K, 99% used [0x0000000080000000,0x0000000086f488f0,0x0000000086f80000)
 Metaspace       used 67922K, committed 70208K, reserved 1114112K
  class space    used 6937K, committed 7808K, reserved 1048576K
}
Event: 2700.410 GC heap after
{Heap after GC invocations=76 (full 4):
 PSYoungGen      total 4608K, used 1626K [0x00000000d5580000, 0x00000000d5c00000, 0x0000000100000000)
  eden space 2560K, 0% used [0x00000000d5580000,0x00000000d5580000,0x00000000d5800000)
  from space 2048K, 79% used [0x00000000d5a00000,0x00000000d5b96a58,0x00000000d5c00000)
  to   space 2048K, 0% used [0x00000000d5800000,0x00000000d5800000,0x00000000d5a00000)
 ParOldGen       total 115712K, used 115275K [0x0000000080000000, 0x0000000087100000, 0x00000000d5580000)
  object space 115712K, 99% used [0x0000000080000000,0x0000000087092f68,0x0000000087100000)
 Metaspace       used 67922K, committed 70208K, reserved 1114112K
  class space    used 6937K, committed 7808K, reserved 1048576K
}
Event: 2700.415 GC heap before
{Heap before GC invocations=77 (full 4):
 PSYoungGen      total 4608K, used 4168K [0x00000000d5580000, 0x00000000d5c00000, 0x0000000100000000)
  eden space 2560K, 99% used [0x00000000d5580000,0x00000000d57fb628,0x00000000d5800000)
  from space 2048K, 79% used [0x00000000d5a00000,0x00000000d5b96a58,0x00000000d5c00000)
  to   space 2048K, 0% used [0x00000000d5800000,0x00000000d5800000,0x00000000d5a00000)
 ParOldGen       total 115712K, used 115275K [0x0000000080000000, 0x0000000087100000, 0x00000000d5580000)
  object space 115712K, 99% used [0x0000000080000000,0x0000000087092f68,0x0000000087100000)
 Metaspace       used 67922K, committed 70208K, reserved 1114112K
  class space    used 6937K, committed 7808K, reserved 1048576K
}
Event: 2700.416 GC heap after
{Heap after GC invocations=77 (full 4):
 PSYoungGen      total 4608K, used 1227K [0x00000000d5580000, 0x00000000d5b80000, 0x0000000100000000)
  eden space 2560K, 0% used [0x00000000d5580000,0x00000000d5580000,0x00000000d5800000)
  from space 2048K, 59% used [0x00000000d5800000,0x00000000d5932c20,0x00000000d5a00000)
  to   space 1536K, 0% used [0x00000000d5a00000,0x00000000d5a00000,0x00000000d5b80000)
 ParOldGen       total 116224K, used 115827K [0x0000000080000000, 0x0000000087180000, 0x00000000d5580000)
  object space 116224K, 99% used [0x0000000080000000,0x000000008711cf68,0x0000000087180000)
 Metaspace       used 67922K, committed 70208K, reserved 1114112K
  class space    used 6937K, committed 7808K, reserved 1048576K
}
Event: 2700.422 GC heap before
{Heap before GC invocations=78 (full 4):
 PSYoungGen      total 4608K, used 3787K [0x00000000d5580000, 0x00000000d5b80000, 0x0000000100000000)
  eden space 2560K, 100% used [0x00000000d5580000,0x00000000d5800000,0x00000000d5800000)
  from space 2048K, 59% used [0x00000000d5800000,0x00000000d5932c20,0x00000000d5a00000)
  to   space 1536K, 0% used [0x00000000d5a00000,0x00000000d5a00000,0x00000000d5b80000)
 ParOldGen       total 116224K, used 115827K [0x0000000080000000, 0x0000000087180000, 0x00000000d5580000)
  object space 116224K, 99% used [0x0000000080000000,0x000000008711cf68,0x0000000087180000)
 Metaspace       used 67926K, committed 70208K, reserved 1114112K
  class space    used 6937K, committed 7808K, reserved 1048576K
}
Event: 2700.423 GC heap after
{Heap after GC invocations=78 (full 4):
 PSYoungGen      total 4608K, used 1478K [0x00000000d5580000, 0x00000000d5b80000, 0x0000000100000000)
  eden space 3072K, 0% used [0x00000000d5580000,0x00000000d5580000,0x00000000d5880000)
  from space 1536K, 96% used [0x00000000d5a00000,0x00000000d5b718b0,0x00000000d5b80000)
  to   space 1536K, 0% used [0x00000000d5880000,0x00000000d5880000,0x00000000d5a00000)
 ParOldGen       total 116736K, used 116619K [0x0000000080000000, 0x0000000087200000, 0x00000000d5580000)
  object space 116736K, 99% used [0x0000000080000000,0x00000000871e2f68,0x0000000087200000)
 Metaspace       used 67926K, committed 70208K, reserved 1114112K
  class space    used 6937K, committed 7808K, reserved 1048576K
}
Event: 2700.448 GC heap before
{Heap before GC invocations=79 (full 4):
 PSYoungGen      total 4608K, used 4550K [0x00000000d5580000, 0x00000000d5b80000, 0x0000000100000000)
  eden space 3072K, 100% used [0x00000000d5580000,0x00000000d5880000,0x00000000d5880000)
  from space 1536K, 96% used [0x00000000d5a00000,0x00000000d5b718b0,0x00000000d5b80000)
  to   space 1536K, 0% used [0x00000000d5880000,0x00000000d5880000,0x00000000d5a00000)
 ParOldGen       total 116736K, used 116619K [0x0000000080000000, 0x0000000087200000, 0x00000000d5580000)
  object space 116736K, 99% used [0x0000000080000000,0x00000000871e2f68,0x0000000087200000)
 Metaspace       used 67933K, committed 70208K, reserved 1114112K
  class space    used 6937K, committed 7808K, reserved 1048576K
}

