# JRE version: OpenJDK Runtime Environment Temurin-21.0.8+9 (21.0.8+9) (build 21.0.8+9-LTS)
# Java VM: OpenJDK 64-Bit Server VM Temurin-21.0.8+9 (21.0.8+9-LTS, mixed mode, sharing, tiered, compressed oops, compressed class ptrs, parallel gc, windows-amd64)
GC Precious Log:
 CardTable entry size: 512
 CPUs: 16 total, 16 available
 Memory: 32547M
 Large Page Support: Disabled
 NUMA Support: Disabled
 Compressed Oops: Enabled (32-bit)
 Alignments: Space 512K, Generation 512K, Heap 2M
 Heap Min Capacity: 100M
 Heap Initial Capacity: 100M
 Heap Max Capacity: 2G
 Pre-touch: Disabled
 Parallel Workers: 13
Heap:
 PSYoungGen      total 21504K, used 15514K [0x00000000d5580000, 0x00000000d6d80000, 0x0000000100000000)
  eden space 20480K, 71% used [0x00000000d5580000,0x00000000d63e0090,0x00000000d6980000)
  from space 1024K, 77% used [0x00000000d6a80000,0x00000000d6b468c8,0x00000000d6b80000)
  to   space 1536K, 0% used [0x00000000d6c00000,0x00000000d6c00000,0x00000000d6d80000)
 ParOldGen       total 68608K, used 45494K [0x0000000080000000, 0x0000000084300000, 0x00000000d5580000)
  object space 68608K, 66% used [0x0000000080000000,0x0000000082c6d9e0,0x0000000084300000)
 Metaspace       used 63691K, committed 65216K, reserved 1114112K
  class space    used 6711K, committed 7360K, reserved 1048576K
GC Heap History (20 events):
Event: 7.293 GC heap before
{Heap before GC invocations=29 (full 2):
 PSYoungGen      total 21504K, used 21408K [0x00000000d5580000, 0x00000000d6c00000, 0x0000000100000000)
  eden space 20480K, 100% used [0x00000000d5580000,0x00000000d6980000,0x00000000d6980000)
  from space 1024K, 90% used [0x00000000d6b00000,0x00000000d6be8000,0x00000000d6c00000)
  to   space 1024K, 0% used [0x00000000d6980000,0x00000000d6980000,0x00000000d6a80000)
 ParOldGen       total 68608K, used 38642K [0x0000000080000000, 0x0000000084300000, 0x00000000d5580000)
  object space 68608K, 56% used [0x0000000080000000,0x00000000825bc898,0x0000000084300000)
 Metaspace       used 50241K, committed 51520K, reserved 1114112K
  class space    used 5351K, committed 5888K, reserved 1048576K
}
Event: 7.294 GC heap after
{Heap after GC invocations=29 (full 2):
 PSYoungGen      total 21504K, used 1006K [0x00000000d5580000, 0x00000000d6e80000, 0x0000000100000000)
  eden space 20480K, 0% used [0x00000000d5580000,0x00000000d5580000,0x00000000d6980000)
  from space 1024K, 98% used [0x00000000d6980000,0x00000000d6a7b870,0x00000000d6a80000)
  to   space 2560K, 0% used [0x00000000d6c00000,0x00000000d6c00000,0x00000000d6e80000)
 ParOldGen       total 68608K, used 39649K [0x0000000080000000, 0x0000000084300000, 0x00000000d5580000)
  object space 68608K, 57% used [0x0000000080000000,0x00000000826b8738,0x0000000084300000)
 Metaspace       used 50241K, committed 51520K, reserved 1114112K
  class space    used 5351K, committed 5888K, reserved 1048576K
}
Event: 7.368 GC heap before
{Heap before GC invocations=30 (full 2):
 PSYoungGen      total 21504K, used 21486K [0x00000000d5580000, 0x00000000d6e80000, 0x0000000100000000)
  eden space 20480K, 100% used [0x00000000d5580000,0x00000000d6980000,0x00000000d6980000)
  from space 1024K, 98% used [0x00000000d6980000,0x00000000d6a7b870,0x00000000d6a80000)
  to   space 2560K, 0% used [0x00000000d6c00000,0x00000000d6c00000,0x00000000d6e80000)
 ParOldGen       total 68608K, used 39649K [0x0000000080000000, 0x0000000084300000, 0x00000000d5580000)
  object space 68608K, 57% used [0x0000000080000000,0x00000000826b8738,0x0000000084300000)
 Metaspace       used 50481K, committed 51712K, reserved 1114112K
  class space    used 5377K, committed 5888K, reserved 1048576K
}
Event: 7.369 GC heap after
{Heap after GC invocations=30 (full 2):
 PSYoungGen      total 21504K, used 695K [0x00000000d5580000, 0x00000000d6d00000, 0x0000000100000000)
  eden space 20480K, 0% used [0x00000000d5580000,0x00000000d5580000,0x00000000d6980000)
  from space 1024K, 67% used [0x00000000d6c00000,0x00000000d6cade88,0x00000000d6d00000)
  to   space 1536K, 0% used [0x00000000d6a00000,0x00000000d6a00000,0x00000000d6b80000)
 ParOldGen       total 68608K, used 40223K [0x0000000080000000, 0x0000000084300000, 0x00000000d5580000)
  object space 68608K, 58% used [0x0000000080000000,0x0000000082747e28,0x0000000084300000)
 Metaspace       used 50481K, committed 51712K, reserved 1114112K
  class space    used 5377K, committed 5888K, reserved 1048576K
}
Event: 7.849 GC heap before
{Heap before GC invocations=31 (full 2):
 PSYoungGen      total 21504K, used 21175K [0x00000000d5580000, 0x00000000d6d00000, 0x0000000100000000)
  eden space 20480K, 100% used [0x00000000d5580000,0x00000000d6980000,0x00000000d6980000)
  from space 1024K, 67% used [0x00000000d6c00000,0x00000000d6cade88,0x00000000d6d00000)
  to   space 1536K, 0% used [0x00000000d6a00000,0x00000000d6a00000,0x00000000d6b80000)
 ParOldGen       total 68608K, used 40223K [0x0000000080000000, 0x0000000084300000, 0x00000000d5580000)
  object space 68608K, 58% used [0x0000000080000000,0x0000000082747e28,0x0000000084300000)
 Metaspace       used 53026K, committed 54336K, reserved 1114112K
  class space    used 5651K, committed 6208K, reserved 1048576K
}
Event: 7.852 GC heap after
{Heap after GC invocations=31 (full 2):
 PSYoungGen      total 22016K, used 1532K [0x00000000d5580000, 0x00000000d6e80000, 0x0000000100000000)
  eden space 20480K, 0% used [0x00000000d5580000,0x00000000d5580000,0x00000000d6980000)
  from space 1536K, 99% used [0x00000000d6a00000,0x00000000d6b7f2c8,0x00000000d6b80000)
  to   space 2560K, 0% used [0x00000000d6c00000,0x00000000d6c00000,0x00000000d6e80000)
 ParOldGen       total 68608K, used 40772K [0x0000000080000000, 0x0000000084300000, 0x00000000d5580000)
  object space 68608K, 59% used [0x0000000080000000,0x00000000827d1020,0x0000000084300000)
 Metaspace       used 53026K, committed 54336K, reserved 1114112K
  class space    used 5651K, committed 6208K, reserved 1048576K
}
Event: 8.443 GC heap before
{Heap before GC invocations=32 (full 2):
 PSYoungGen      total 22016K, used 22012K [0x00000000d5580000, 0x00000000d6e80000, 0x0000000100000000)
  eden space 20480K, 100% used [0x00000000d5580000,0x00000000d6980000,0x00000000d6980000)
  from space 1536K, 99% used [0x00000000d6a00000,0x00000000d6b7f2c8,0x00000000d6b80000)
  to   space 2560K, 0% used [0x00000000d6c00000,0x00000000d6c00000,0x00000000d6e80000)
 ParOldGen       total 68608K, used 40772K [0x0000000080000000, 0x0000000084300000, 0x00000000d5580000)
  object space 68608K, 59% used [0x0000000080000000,0x00000000827d1020,0x0000000084300000)
 Metaspace       used 55152K, committed 56512K, reserved 1114112K
  class space    used 5882K, committed 6464K, reserved 1048576K
}
Event: 8.447 GC heap after
{Heap after GC invocations=32 (full 2):
 PSYoungGen      total 23040K, used 2171K [0x00000000d5580000, 0x00000000d6e80000, 0x0000000100000000)
  eden space 20480K, 0% used [0x00000000d5580000,0x00000000d5580000,0x00000000d6980000)
  from space 2560K, 84% used [0x00000000d6c00000,0x00000000d6e1ef68,0x00000000d6e80000)
  to   space 2560K, 0% used [0x00000000d6980000,0x00000000d6980000,0x00000000d6c00000)
 ParOldGen       total 68608K, used 42219K [0x0000000080000000, 0x0000000084300000, 0x00000000d5580000)
  object space 68608K, 61% used [0x0000000080000000,0x000000008293ad38,0x0000000084300000)
 Metaspace       used 55152K, committed 56512K, reserved 1114112K
  class space    used 5882K, committed 6464K, reserved 1048576K
}
Event: 9.005 GC heap before
{Heap before GC invocations=33 (full 2):
 PSYoungGen      total 23040K, used 22651K [0x00000000d5580000, 0x00000000d6e80000, 0x0000000100000000)
  eden space 20480K, 100% used [0x00000000d5580000,0x00000000d6980000,0x00000000d6980000)
  from space 2560K, 84% used [0x00000000d6c00000,0x00000000d6e1ef68,0x00000000d6e80000)
  to   space 2560K, 0% used [0x00000000d6980000,0x00000000d6980000,0x00000000d6c00000)
 ParOldGen       total 68608K, used 42219K [0x0000000080000000, 0x0000000084300000, 0x00000000d5580000)
  object space 68608K, 61% used [0x0000000080000000,0x000000008293ad38,0x0000000084300000)
 Metaspace       used 57559K, committed 58944K, reserved 1114112K
  class space    used 6105K, committed 6720K, reserved 1048576K
}
Event: 9.010 GC heap after
{Heap after GC invocations=33 (full 2):
 PSYoungGen      total 23040K, used 2552K [0x00000000d5580000, 0x00000000d7480000, 0x0000000100000000)
  eden space 20480K, 0% used [0x00000000d5580000,0x00000000d5580000,0x00000000d6980000)
  from space 2560K, 99% used [0x00000000d6980000,0x00000000d6bfe178,0x00000000d6c00000)
  to   space 5632K, 0% used [0x00000000d6f00000,0x00000000d6f00000,0x00000000d7480000)
 ParOldGen       total 68608K, used 44682K [0x0000000080000000, 0x0000000084300000, 0x00000000d5580000)
  object space 68608K, 65% used [0x0000000080000000,0x0000000082ba2938,0x0000000084300000)
 Metaspace       used 57559K, committed 58944K, reserved 1114112K
  class space    used 6105K, committed 6720K, reserved 1048576K
}
Event: 9.658 GC heap before
{Heap before GC invocations=34 (full 2):
 PSYoungGen      total 23040K, used 21560K [0x00000000d5580000, 0x00000000d7480000, 0x0000000100000000)
  eden space 20480K, 92% used [0x00000000d5580000,0x00000000d68100b0,0x00000000d6980000)
  from space 2560K, 99% used [0x00000000d6980000,0x00000000d6bfe178,0x00000000d6c00000)
  to   space 5632K, 0% used [0x00000000d6f00000,0x00000000d6f00000,0x00000000d7480000)
 ParOldGen       total 68608K, used 44682K [0x0000000080000000, 0x0000000084300000, 0x00000000d5580000)
  object space 68608K, 65% used [0x0000000080000000,0x0000000082ba2938,0x0000000084300000)
 Metaspace       used 58364K, committed 59776K, reserved 1114112K
  class space    used 6135K, committed 6784K, reserved 1048576K
}
Event: 9.664 GC heap after
{Heap after GC invocations=34 (full 2):
 PSYoungGen      total 24064K, used 3336K [0x00000000d5580000, 0x00000000d7280000, 0x0000000100000000)
  eden space 20480K, 0% used [0x00000000d5580000,0x00000000d5580000,0x00000000d6980000)
  from space 3584K, 93% used [0x00000000d6f00000,0x00000000d72421c8,0x00000000d7280000)
  to   space 4096K, 0% used [0x00000000d6a80000,0x00000000d6a80000,0x00000000d6e80000)
 ParOldGen       total 68608K, used 47175K [0x0000000080000000, 0x0000000084300000, 0x00000000d5580000)
  object space 68608K, 68% used [0x0000000080000000,0x0000000082e11ec8,0x0000000084300000)
 Metaspace       used 58364K, committed 59776K, reserved 1114112K
  class space    used 6135K, committed 6784K, reserved 1048576K
}
Event: 9.664 GC heap before
{Heap before GC invocations=35 (full 3):
 PSYoungGen      total 24064K, used 3336K [0x00000000d5580000, 0x00000000d7280000, 0x0000000100000000)
  eden space 20480K, 0% used [0x00000000d5580000,0x00000000d5580000,0x00000000d6980000)
  from space 3584K, 93% used [0x00000000d6f00000,0x00000000d72421c8,0x00000000d7280000)
  to   space 4096K, 0% used [0x00000000d6a80000,0x00000000d6a80000,0x00000000d6e80000)
 ParOldGen       total 68608K, used 47175K [0x0000000080000000, 0x0000000084300000, 0x00000000d5580000)
  object space 68608K, 68% used [0x0000000080000000,0x0000000082e11ec8,0x0000000084300000)
 Metaspace       used 58364K, committed 59776K, reserved 1114112K
  class space    used 6135K, committed 6784K, reserved 1048576K
}
Event: 9.763 GC heap after
{Heap after GC invocations=35 (full 3):
 PSYoungGen      total 24064K, used 0K [0x00000000d5580000, 0x00000000d7280000, 0x0000000100000000)
  eden space 20480K, 0% used [0x00000000d5580000,0x00000000d5580000,0x00000000d6980000)
  from space 3584K, 0% used [0x00000000d6f00000,0x00000000d6f00000,0x00000000d7280000)
  to   space 4096K, 0% used [0x00000000d6a80000,0x00000000d6a80000,0x00000000d6e80000)
 ParOldGen       total 68608K, used 44100K [0x0000000080000000, 0x0000000084300000, 0x00000000d5580000)
  object space 68608K, 64% used [0x0000000080000000,0x0000000082b113a0,0x0000000084300000)
 Metaspace       used 58364K, committed 59776K, reserved 1114112K
  class space    used 6135K, committed 6784K, reserved 1048576K
}
Event: 10.392 GC heap before
{Heap before GC invocations=36 (full 3):
 PSYoungGen      total 24064K, used 20479K [0x00000000d5580000, 0x00000000d7280000, 0x0000000100000000)
  eden space 20480K, 99% used [0x00000000d5580000,0x00000000d697ffe8,0x00000000d6980000)
  from space 3584K, 0% used [0x00000000d6f00000,0x00000000d6f00000,0x00000000d7280000)
  to   space 4096K, 0% used [0x00000000d6a80000,0x00000000d6a80000,0x00000000d6e80000)
 ParOldGen       total 68608K, used 44100K [0x0000000080000000, 0x0000000084300000, 0x00000000d5580000)
  object space 68608K, 64% used [0x0000000080000000,0x0000000082b113a0,0x0000000084300000)
 Metaspace       used 59985K, committed 61376K, reserved 1114112K
  class space    used 6299K, committed 6912K, reserved 1048576K
}
Event: 10.397 GC heap after
{Heap after GC invocations=36 (full 3):
 PSYoungGen      total 22528K, used 1536K [0x00000000d5580000, 0x00000000d6f80000, 0x0000000100000000)
  eden space 20480K, 0% used [0x00000000d5580000,0x00000000d5580000,0x00000000d6980000)
  from space 2048K, 75% used [0x00000000d6a80000,0x00000000d6c00020,0x00000000d6c80000)
  to   space 2560K, 0% used [0x00000000d6d00000,0x00000000d6d00000,0x00000000d6f80000)
 ParOldGen       total 68608K, used 44108K [0x0000000080000000, 0x0000000084300000, 0x00000000d5580000)
  object space 68608K, 64% used [0x0000000080000000,0x0000000082b133a0,0x0000000084300000)
 Metaspace       used 59985K, committed 61376K, reserved 1114112K
  class space    used 6299K, committed 6912K, reserved 1048576K
}
Event: 10.893 GC heap before
{Heap before GC invocations=37 (full 3):
 PSYoungGen      total 22528K, used 22016K [0x00000000d5580000, 0x00000000d6f80000, 0x0000000100000000)
  eden space 20480K, 100% used [0x00000000d5580000,0x00000000d6980000,0x00000000d6980000)
  from space 2048K, 75% used [0x00000000d6a80000,0x00000000d6c00020,0x00000000d6c80000)
  to   space 2560K, 0% used [0x00000000d6d00000,0x00000000d6d00000,0x00000000d6f80000)
 ParOldGen       total 68608K, used 44108K [0x0000000080000000, 0x0000000084300000, 0x00000000d5580000)
  object space 68608K, 64% used [0x0000000080000000,0x0000000082b133a0,0x0000000084300000)
 Metaspace       used 60805K, committed 62272K, reserved 1114112K
  class space    used 6397K, committed 7040K, reserved 1048576K
}
Event: 10.897 GC heap after
{Heap after GC invocations=37 (full 3):
 PSYoungGen      total 23040K, used 2176K [0x00000000d5580000, 0x00000000d6f80000, 0x0000000100000000)
  eden space 20480K, 0% used [0x00000000d5580000,0x00000000d5580000,0x00000000d6980000)
  from space 2560K, 85% used [0x00000000d6d00000,0x00000000d6f20000,0x00000000d6f80000)
  to   space 2560K, 0% used [0x00000000d6a80000,0x00000000d6a80000,0x00000000d6d00000)
 ParOldGen       total 68608K, used 44993K [0x0000000080000000, 0x0000000084300000, 0x00000000d5580000)
  object space 68608K, 65% used [0x0000000080000000,0x0000000082bf0770,0x0000000084300000)
 Metaspace       used 60805K, committed 62272K, reserved 1114112K
  class space    used 6397K, committed 7040K, reserved 1048576K
}
Event: 11.827 GC heap before
{Heap before GC invocations=38 (full 3):
 PSYoungGen      total 23040K, used 22656K [0x00000000d5580000, 0x00000000d6f80000, 0x0000000100000000)
  eden space 20480K, 100% used [0x00000000d5580000,0x00000000d6980000,0x00000000d6980000)
  from space 2560K, 85% used [0x00000000d6d00000,0x00000000d6f20000,0x00000000d6f80000)
  to   space 2560K, 0% used [0x00000000d6a80000,0x00000000d6a80000,0x00000000d6d00000)
 ParOldGen       total 68608K, used 44993K [0x0000000080000000, 0x0000000084300000, 0x00000000d5580000)
  object space 68608K, 65% used [0x0000000080000000,0x0000000082bf0770,0x0000000084300000)
 Metaspace       used 62287K, committed 63744K, reserved 1114112K
  class space    used 6545K, committed 7168K, reserved 1048576K
}
Event: 11.829 GC heap after
{Heap after GC invocations=38 (full 3):
 PSYoungGen      total 21504K, used 794K [0x00000000d5580000, 0x00000000d6d80000, 0x0000000100000000)
  eden space 20480K, 0% used [0x00000000d5580000,0x00000000d5580000,0x00000000d6980000)
  from space 1024K, 77% used [0x00000000d6a80000,0x00000000d6b468c8,0x00000000d6b80000)
  to   space 1536K, 0% used [0x00000000d6c00000,0x00000000d6c00000,0x00000000d6d80000)
 ParOldGen       total 68608K, used 45494K [0x0000000080000000, 0x0000000084300000, 0x00000000d5580000)
  object space 68608K, 66% used [0x0000000080000000,0x0000000082c6d9e0,0x0000000084300000)
 Metaspace       used 62287K, committed 63744K, reserved 1114112K
  class space    used 6545K, committed 7168K, reserved 1048576K
}

